This is pdfTeX, Version 3.1415926-1.40.10 (TeX Live 2009/Debian) (format=latex 2013.1.27)  27 JAN 2013 02:14
entering extended mode
 %&-line parsing enabled.
**rev2.tex
(./rev2.tex
LaTeX2e <2009/09/24>
Babel <v3.8l> and hyphenation patterns for english, usenglishmax, dumylang, noh
yphenation, loaded.
(/usr/share/texmf-texlive/tex/latex/revtex4/revtex4.cls
Document Class: revtex4 2001/08/02 v4.0 (http://publish.aps.org/revtex4/ for do
cumentation)
 Copyright (c) 2001 The American Physical Society.
 mailto:revtex@aps.org
 Licensed under the LPPL:
http://www.ctan.org/tex-archive/macros/latex/base/lppl.txt
 Arthur Ogawa <ogawa@teleport.com>
 Based on work by David Carlisle <david@dcarlisle.demon.co.uk>.
ltxutil: portions licensed from W. E. Baxter (web@superscript.com)
Class revtex4 Info: Repairing broken LateX \@sect on input line 596.
\intertabularlinepenalty=\count79
\@tbpen=\count80
\@arstrutbox@hline=\box26
Class revtex4 Info: Repairing broken LaTeX \@xbitor on input line 1610.
ltxgrid: portions licensed from W. E. Baxter (web@superscript.com)
\c@linecount=\count81
\output=\toks14
\@protection@box=\box27
\@topmark@saved=\toks15
\footins@saved=\box28
\pagesofar=\box29
\footbox=\box30
\pagegrid@col=\count82
Class revtex4 Info: Incorporating package {textcase}  [1998/11/12 v0.06 Text on
ly upper/lower case changing (DPC)]. on input line 3682.
(/usr/share/texmf-texlive/tex/latex/ltxmisc/url.sty
\Urlmuskip=\muskip10
Package: url 2006/04/12  ver 3.3  Verb mode for urls, etc.
)
\c@affil=\count83
\absbox=\box31
\c@part=\count84
\c@section=\count85
\c@subsection=\count86
\c@subsubsection=\count87
\c@paragraph=\count88
\c@subparagraph=\count89
\abovecaptionskip=\skip41
\belowcaptionskip=\skip42
\c@figure=\count90
\c@table=\count91

(/usr/share/texmf-texlive/tex/latex/natbib/natbib.sty
Package: natbib 2009/07/16 8.31 (PWD, AO)
\bibhang=\skip43
\bibsep=\skip44
LaTeX Info: Redefining \cite on input line 694.
\c@NAT@ctr=\count92
)
\widetext@top=\box32
\widetext@bot=\box33

(/usr/share/texmf-texlive/tex/latex/revtex4/revsymb.sty
Package: revsymb 2001/08/02 v4.0 (http://publish.aps.org/revtex4/ for documenta
tion)
LaTeX Info: Redefining \REV@mathfrak on input line 118.
))
(/usr/share/texmf-texlive/tex/latex/revtex4/aps.rtx
File: aps.rtx 2001/08/02 v4.0 (http://publish.aps.org/revtex4/ for documentatio
n)
)
(/usr/share/texmf-texlive/tex/latex/revtex4/12pt.rtx
File: 12pt.rtx 2001/08/02 v4.0 (http://publish.aps.org/revtex4/ for documentati
on)
)
(/usr/share/texmf-texlive/tex/latex/amsfonts/amssymb.sty
Package: amssymb 2009/06/22 v3.00

(/usr/share/texmf-texlive/tex/latex/amsfonts/amsfonts.sty
Package: amsfonts 2009/06/22 v3.00 Basic AMSFonts support
\@emptytoks=\toks16
\symAMSa=\mathgroup4
\symAMSb=\mathgroup5
LaTeX Font Info:    Overwriting math alphabet `\mathfrak' in version `bold'
(Font)                  U/euf/m/n --> U/euf/b/n on input line 96.
LaTeX Info: Redefining \frak on input line 99.
LaTeX Info: Redefining \Bbb on input line 101.
))
(/usr/share/texmf-texlive/tex/latex/amsmath/amsmath.sty
Package: amsmath 2000/07/18 v2.13 AMS math features
\@mathmargin=\skip45

For additional information on amsmath, use the `?' option.
(/usr/share/texmf-texlive/tex/latex/amsmath/amstext.sty
Package: amstext 2000/06/29 v2.01

(/usr/share/texmf-texlive/tex/latex/amsmath/amsgen.sty
File: amsgen.sty 1999/11/30 v2.0
\@emptytoks=\toks17
\ex@=\dimen102
))
(/usr/share/texmf-texlive/tex/latex/amsmath/amsbsy.sty
Package: amsbsy 1999/11/29 v1.2d
\pmbraise@=\dimen103
)
(/usr/share/texmf-texlive/tex/latex/amsmath/amsopn.sty
Package: amsopn 1999/12/14 v2.01 operator names
)
\inf@bad=\count93
LaTeX Info: Redefining \frac on input line 211.
\uproot@=\count94
\leftroot@=\count95
LaTeX Info: Redefining \overline on input line 307.
\classnum@=\count96
\DOTSCASE@=\count97
LaTeX Info: Redefining \ldots on input line 379.
LaTeX Info: Redefining \dots on input line 382.
LaTeX Info: Redefining \cdots on input line 467.
\Mathstrutbox@=\box34
\strutbox@=\box35
\big@size=\dimen104
LaTeX Font Info:    Redeclaring font encoding OML on input line 567.
LaTeX Font Info:    Redeclaring font encoding OMS on input line 568.
\macc@depth=\count98
\c@MaxMatrixCols=\count99
\dotsspace@=\muskip11
\c@parentequation=\count100
\dspbrk@lvl=\count101
\tag@help=\toks18
\row@=\count102
\column@=\count103
\maxfields@=\count104
\andhelp@=\toks19
\eqnshift@=\dimen105
\alignsep@=\dimen106
\tagshift@=\dimen107
\tagwidth@=\dimen108
\totwidth@=\dimen109
\lineht@=\dimen110
\@envbody=\toks20
\multlinegap=\skip46
\multlinetaggap=\skip47
\mathdisplay@stack=\toks21
LaTeX Info: Redefining \[ on input line 2666.
LaTeX Info: Redefining \] on input line 2667.
)
(/usr/share/texmf-texlive/tex/latex/graphics/graphicx.sty
Package: graphicx 1999/02/16 v1.0f Enhanced LaTeX Graphics (DPC,SPQR)

(/usr/share/texmf-texlive/tex/latex/graphics/keyval.sty
Package: keyval 1999/03/16 v1.13 key=value parser (DPC)
\KV@toks@=\toks22
)
(/usr/share/texmf-texlive/tex/latex/graphics/graphics.sty
Package: graphics 2009/02/05 v1.0o Standard LaTeX Graphics (DPC,SPQR)

(/usr/share/texmf-texlive/tex/latex/graphics/trig.sty
Package: trig 1999/03/16 v1.09 sin cos tan (DPC)
)
(/etc/texmf/tex/latex/config/graphics.cfg
File: graphics.cfg 2009/08/28 v1.8 graphics configuration of TeX Live
)
Package graphics Info: Driver file: dvips.def on input line 91.

(/usr/share/texmf-texlive/tex/latex/graphics/dvips.def
File: dvips.def 1999/02/16 v3.0i Driver-dependant file (DPC,SPQR)
))
\Gin@req@height=\dimen111
\Gin@req@width=\dimen112
) (./rev2.aux)
\openout1 = `rev2.aux'.

LaTeX Font Info:    Checking defaults for OML/cmm/m/it on input line 8.
LaTeX Font Info:    ... okay on input line 8.
LaTeX Font Info:    Checking defaults for T1/cmr/m/n on input line 8.
LaTeX Font Info:    ... okay on input line 8.
LaTeX Font Info:    Checking defaults for OT1/cmr/m/n on input line 8.
LaTeX Font Info:    ... okay on input line 8.
LaTeX Font Info:    Checking defaults for OMS/cmsy/m/n on input line 8.
LaTeX Font Info:    ... okay on input line 8.
LaTeX Font Info:    Checking defaults for OMX/cmex/m/n on input line 8.
LaTeX Font Info:    ... okay on input line 8.
LaTeX Font Info:    Checking defaults for U/cmr/m/n on input line 8.
LaTeX Font Info:    ... okay on input line 8.
Class revtex4 Info: Patching LaTeX tabular. on input line 8.
Class revtex4 Info: cite was not loaded (OK!) on input line 8.
Class revtex4 Info: multicol was not loaded (OK!) on input line 8.
 [1]

Package natbib Warning: Citation `Chemische' on page 2 undefined on input line 
38.


Package natbib Warning: Citation `Crystals' on page 2 undefined on input line 3
8.


Package natbib Warning: Citation `CoOH' on page 2 undefined on input line 38.


Package natbib Warning: Citation `Electric' on page 2 undefined on input line 3
8.


Package natbib Warning: Citation `Ostwald' on page 2 undefined on input line 46
.


Package natbib Warning: Citation `Lifshitz' on page 2 undefined on input line 5
5.


Package natbib Warning: Citation `precipitation' on page 2 undefined on input l
ine 59.


Package natbib Warning: Citation `Muller-Poly' on page 2 undefined on input lin
e 60.

LaTeX Font Info:    Try loading font information for U+msa on input line 68.
(/usr/share/texmf-texlive/tex/latex/amsfonts/umsa.fd
File: umsa.fd 2009/06/22 v3.00 AMS symbols A
)
LaTeX Font Info:    Try loading font information for U+msb on input line 68.

(/usr/share/texmf-texlive/tex/latex/amsfonts/umsb.fd
File: umsb.fd 2009/06/22 v3.00 AMS symbols B
) [2]

Package natbib Warning: Citation `precipitation' on page 3 undefined on input l
ine 117.

[3]

Package natbib Warning: Citation `Muller2' on page 4 undefined on input line 13
1.


Package natbib Warning: Citation `Muller3' on page 4 undefined on input line 13
1.


Package natbib Warning: Citation `Muller-Poly' on page 4 undefined on input lin
e 133.


Package natbib Warning: Citation `Heureux' on page 4 undefined on input line 13
3.


Package natbib Warning: Citation `Lifshitz' on page 4 undefined on input line 1
68.

[4]

Package natbib Warning: Citation `CVFEM1' on page 5 undefined on input line 179
.


Package natbib Warning: Citation `CVFEM2' on page 5 undefined on input line 182
.

[5] [6]

Package natbib Warning: Citation `FEM' on page 7 undefined on input line 274.


Package natbib Warning: Citation `Triangle' on page 7 undefined on input line 3
05.

[7]

Package natbib Warning: Citation `Gear' on page 8 undefined on input line 335.


Package natbib Warning: Citation `FLC1' on page 8 undefined on input line 339.


Package natbib Warning: Citation `FLC2' on page 8 undefined on input line 339.


Package natbib Warning: Citation `Optimization' on page 8 undefined on input li
ne 354.


Package natbib Warning: Citation `Shampine' on page 8 undefined on input line 3
58.

[8]

Package natbib Warning: Citation `Optimization' on page 9 undefined on input li
ne 414.

[9] [10]

Package natbib Warning: Citation `sparse' on page 11 undefined on input line 52
1.


Package natbib Warning: Citation `Saad' on page 11 undefined on input line 525.



Package natbib Warning: Citation `NewtonKrylov' on page 11 undefined on input l
ine 531.

[11]

Package natbib Warning: Citation `so79470' on page 12 undefined on input line 5
64.


Package natbib Warning: Citation `chemistryinmotion' on page 12 undefined on in
put line 565.


Package natbib Warning: Citation `chemistryinmotion' on page 12 undefined on in
put line 566.

[12]

Package natbib Warning: Citation `alghoulcrys' on page 13 undefined on input li
ne 591.


Package natbib Warning: Citation `polymorph' on page 13 undefined on input line
 597.


Package natbib Warning: Citation `lloyd' on page 13 undefined on input line 600
.

[13]
No file rev2.bbl.

LaTeX Warning: File `figs/fig2.ps' not found on input line 664.


! LaTeX Error: File `figs/fig2.ps' not found.

See the LaTeX manual or LaTeX Companion for explanation.
Type  H <return>  for immediate help.
 ...                                              
                                                  
l.664 \includegraphics[scale=0.35]{figs/fig2.ps}
                                                
? r
OK, entering \nonstopmode...

! LaTeX Error: Cannot determine size of graphic in figs/fig2.ps (no BoundingBox
).

See the LaTeX manual or LaTeX Companion for explanation.
Type  H <return>  for immediate help.
 ...                                              
                                                  
l.664 \includegraphics[scale=0.35]{figs/fig2.ps}
                                                
Try typing  <return>  to proceed.
If that doesn't work, type  X <return>  to quit.

File: figs/fig2.ps Graphic file (type eps)
<figs/fig2.ps> [14]

LaTeX Warning: File `figs/fig3.ps' not found on input line 673.


! LaTeX Error: File `figs/fig3.ps' not found.

See the LaTeX manual or LaTeX Companion for explanation.
Type  H <return>  for immediate help.
 ...                                              
                                                  
l.673 \includegraphics[scale=0.35]{figs/fig3.ps}
                                                
Try typing  <return>  to proceed.
If that doesn't work, type  X <return>  to quit.


! LaTeX Error: Cannot determine size of graphic in figs/fig3.ps (no BoundingBox
).

See the LaTeX manual or LaTeX Companion for explanation.
Type  H <return>  for immediate help.
 ...                                              
                                                  
l.673 \includegraphics[scale=0.35]{figs/fig3.ps}
                                                
Try typing  <return>  to proceed.
If that doesn't work, type  X <return>  to quit.

File: figs/fig3.ps Graphic file (type eps)
<figs/fig3.ps>

LaTeX Warning: File `figs/fig4.ps' not found on input line 684.


! LaTeX Error: File `figs/fig4.ps' not found.

See the LaTeX manual or LaTeX Companion for explanation.
Type  H <return>  for immediate help.
 ...                                              
                                                  
l.684 \includegraphics[scale=0.5]{figs/fig4.ps}
                                               
Try typing  <return>  to proceed.
If that doesn't work, type  X <return>  to quit.


! LaTeX Error: Cannot determine size of graphic in figs/fig4.ps (no BoundingBox
).

See the LaTeX manual or LaTeX Companion for explanation.
Type  H <return>  for immediate help.
 ...                                              
                                                  
l.684 \includegraphics[scale=0.5]{figs/fig4.ps}
                                               
Try typing  <return>  to proceed.
If that doesn't work, type  X <return>  to quit.

File: figs/fig4.ps Graphic file (type eps)
<figs/fig4.ps>

LaTeX Warning: File `figs/fig5.ps' not found on input line 698.


! LaTeX Error: File `figs/fig5.ps' not found.

See the LaTeX manual or LaTeX Companion for explanation.
Type  H <return>  for immediate help.
 ...                                              
                                                  
l.698 \includegraphics[scale = 0.5]{figs/fig5.ps}
                                                 
Try typing  <return>  to proceed.
If that doesn't work, type  X <return>  to quit.


! LaTeX Error: Cannot determine size of graphic in figs/fig5.ps (no BoundingBox
).

See the LaTeX manual or LaTeX Companion for explanation.
Type  H <return>  for immediate help.
 ...                                              
                                                  
l.698 \includegraphics[scale = 0.5]{figs/fig5.ps}
                                                 
Try typing  <return>  to proceed.
If that doesn't work, type  X <return>  to quit.

File: figs/fig5.ps Graphic file (type eps)
<figs/fig5.ps>

LaTeX Warning: File `figs/fig6.ps' not found on input line 715.


! LaTeX Error: File `figs/fig6.ps' not found.

See the LaTeX manual or LaTeX Companion for explanation.
Type  H <return>  for immediate help.
 ...                                              
                                                  
l.715 \includegraphics[scale = 0.5]{figs/fig6.ps}
                                                 
Try typing  <return>  to proceed.
If that doesn't work, type  X <return>  to quit.


! LaTeX Error: Cannot determine size of graphic in figs/fig6.ps (no BoundingBox
).

See the LaTeX manual or LaTeX Companion for explanation.
Type  H <return>  for immediate help.
 ...                                              
                                                  
l.715 \includegraphics[scale = 0.5]{figs/fig6.ps}
                                                 
Try typing  <return>  to proceed.
If that doesn't work, type  X <return>  to quit.

File: figs/fig6.ps Graphic file (type eps)
<figs/fig6.ps>

LaTeX Warning: File `figs/fig7.ps' not found on input line 728.


! LaTeX Error: File `figs/fig7.ps' not found.

See the LaTeX manual or LaTeX Companion for explanation.
Type  H <return>  for immediate help.
 ...                                              
                                                  
l.728 \includegraphics[scale = 0.5]{figs/fig7.ps}
                                                 
Try typing  <return>  to proceed.
If that doesn't work, type  X <return>  to quit.


! LaTeX Error: Cannot determine size of graphic in figs/fig7.ps (no BoundingBox
).

See the LaTeX manual or LaTeX Companion for explanation.
Type  H <return>  for immediate help.
 ...                                              
                                                  
l.728 \includegraphics[scale = 0.5]{figs/fig7.ps}
                                                 
Try typing  <return>  to proceed.
If that doesn't work, type  X <return>  to quit.

File: figs/fig7.ps Graphic file (type eps)
<figs/fig7.ps>

LaTeX Warning: File `figs/fig8.ps' not found on input line 741.


! LaTeX Error: File `figs/fig8.ps' not found.

See the LaTeX manual or LaTeX Companion for explanation.
Type  H <return>  for immediate help.
 ...                                              
                                                  
l.741 \includegraphics[scale = 0.5]{figs/fig8.ps}
                                                 
Try typing  <return>  to proceed.
If that doesn't work, type  X <return>  to quit.


! LaTeX Error: Cannot determine size of graphic in figs/fig8.ps (no BoundingBox
).

See the LaTeX manual or LaTeX Companion for explanation.
Type  H <return>  for immediate help.
 ...                                              
                                                  
l.741 \includegraphics[scale = 0.5]{figs/fig8.ps}
                                                 
Try typing  <return>  to proceed.
If that doesn't work, type  X <return>  to quit.

File: figs/fig8.ps Graphic file (type eps)
<figs/fig8.ps>

LaTeX Warning: File `figs/fig9.ps' not found on input line 755.


! LaTeX Error: File `figs/fig9.ps' not found.

See the LaTeX manual or LaTeX Companion for explanation.
Type  H <return>  for immediate help.
 ...                                              
                                                  
l.755 \includegraphics[scale = 0.5]{figs/fig9.ps}
                                                 
Try typing  <return>  to proceed.
If that doesn't work, type  X <return>  to quit.


! LaTeX Error: Cannot determine size of graphic in figs/fig9.ps (no BoundingBox
).

See the LaTeX manual or LaTeX Companion for explanation.
Type  H <return>  for immediate help.
 ...                                              
                                                  
l.755 \includegraphics[scale = 0.5]{figs/fig9.ps}
                                                 
Try typing  <return>  to proceed.
If that doesn't work, type  X <return>  to quit.

File: figs/fig9.ps Graphic file (type eps)
<figs/fig9.ps>

LaTeX Warning: File `figs/fig10.ps' not found on input line 771.


! LaTeX Error: File `figs/fig10.ps' not found.

See the LaTeX manual or LaTeX Companion for explanation.
Type  H <return>  for immediate help.
 ...                                              
                                                  
l.771 \includegraphics[scale=0.6]{figs/fig10.ps}
                                                
Try typing  <return>  to proceed.
If that doesn't work, type  X <return>  to quit.


! LaTeX Error: Cannot determine size of graphic in figs/fig10.ps (no BoundingBo
x).

See the LaTeX manual or LaTeX Companion for explanation.
Type  H <return>  for immediate help.
 ...                                              
                                                  
l.771 \includegraphics[scale=0.6]{figs/fig10.ps}
                                                
Try typing  <return>  to proceed.
If that doesn't work, type  X <return>  to quit.

File: figs/fig10.ps Graphic file (type eps)
<figs/fig10.ps>

Class revtex4 Warning: Environment acknowledgements is obsolete;
Use acknowledgments instead.


Package natbib Warning: There were undefined citations.

[15] [16] [17] (./rev2.aux)

LaTeX Warning: Label(s) may have changed. Rerun to get cross-references right .


 ) 
Here is how much of TeX's memory you used:
 3052 strings out of 495062
 36119 string characters out of 1182644
 106949 words of memory out of 3000000
 6218 multiletter control sequences out of 15000+50000
 12722 words of font info for 47 fonts, out of 3000000 for 9000
 28 hyphenation exceptions out of 8191
 27i,12n,24p,808b,318s stack positions out of 5000i,500n,10000p,200000b,50000s

Output written on rev2.dvi (17 pages, 56432 bytes).
